# JRE version: OpenJDK Runtime Environment Temurin-17.0.7+7 (17.0.7+7) (build 17.0.7+7)
# Java VM: OpenJDK 64-Bit Server VM Temurin-17.0.7+7 (17.0.7+7, mixed mode, tiered, compressed oops, compressed class ptrs, parallel gc, windows-amd64)
GC Precious Log:
 CPUs: 4 total, 4 available
 Memory: 16337M
 Large Page Support: Disabled
 NUMA Support: Disabled
 Compressed Oops: Enabled (32-bit)
 Alignments: Space 512K, Generation 512K, Heap 2M
 Heap Min Capacity: 100M
 Heap Initial Capacity: 100M
 Heap Max Capacity: 1G
 Pre-touch: Disabled
 Parallel Workers: 4
Heap:
 PSYoungGen      total 1536K, used 1024K [0x00000000eab00000, 0x00000000eb480000, 0x0000000100000000)
  eden space 512K, 0% used [0x00000000eab00000,0x00000000eab00000,0x00000000eab80000)
  from space 1024K, 100% used [0x00000000eae80000,0x00000000eaf80000,0x00000000eaf80000)
  to   space 3072K, 0% used [0x00000000eab80000,0x00000000eab80000,0x00000000eae80000)
 ParOldGen       total 108544K, used 107649K [0x00000000c0000000, 0x00000000c6a00000, 0x00000000eab00000)
  object space 108544K, 99% used [0x00000000c0000000,0x00000000c6920688,0x00000000c6a00000)
 Metaspace       used 82003K, committed 83200K, reserved 1179648K
  class space    used 8543K, committed 9024K, reserved 1048576K
GC Heap History (20 events):
Event: 652.765 GC heap after
{Heap after GC invocations=528 (full 16):
 PSYoungGen      total 3584K, used 128K [0x00000000eab00000, 0x00000000eaf00000, 0x0000000100000000)
  eden space 2560K, 0% used [0x00000000eab00000,0x00000000eab00000,0x00000000ead80000)
  from space 1024K, 12% used [0x00000000ead80000,0x00000000eada0000,0x00000000eae80000)
  to   space 512K, 0% used [0x00000000eae80000,0x00000000eae80000,0x00000000eaf00000)
 ParOldGen       total 108544K, used 104268K [0x00000000c0000000, 0x00000000c6a00000, 0x00000000eab00000)
  object space 108544K, 96% used [0x00000000c0000000,0x00000000c65d32c8,0x00000000c6a00000)
 Metaspace       used 81957K, committed 83136K, reserved 1179648K
  class space    used 8540K, committed 9024K, reserved 1048576K
}
Event: 653.527 GC heap before
{Heap before GC invocations=529 (full 16):
 PSYoungGen      total 3584K, used 2688K [0x00000000eab00000, 0x00000000eaf00000, 0x0000000100000000)
  eden space 2560K, 100% used [0x00000000eab00000,0x00000000ead80000,0x00000000ead80000)
  from space 1024K, 12% used [0x00000000ead80000,0x00000000eada0000,0x00000000eae80000)
  to   space 512K, 0% used [0x00000000eae80000,0x00000000eae80000,0x00000000eaf00000)
 ParOldGen       total 108544K, used 104268K [0x00000000c0000000, 0x00000000c6a00000, 0x00000000eab00000)
  object space 108544K, 96% used [0x00000000c0000000,0x00000000c65d32c8,0x00000000c6a00000)
 Metaspace       used 81957K, committed 83136K, reserved 1179648K
  class space    used 8540K, committed 9024K, reserved 1048576K
}
Event: 653.528 GC heap after
{Heap after GC invocations=529 (full 16):
 PSYoungGen      total 3072K, used 96K [0x00000000eab00000, 0x00000000eaf00000, 0x0000000100000000)
  eden space 2560K, 0% used [0x00000000eab00000,0x00000000eab00000,0x00000000ead80000)
  from space 512K, 18% used [0x00000000eae80000,0x00000000eae98000,0x00000000eaf00000)
  to   space 512K, 0% used [0x00000000eae00000,0x00000000eae00000,0x00000000eae80000)
 ParOldGen       total 108544K, used 104276K [0x00000000c0000000, 0x00000000c6a00000, 0x00000000eab00000)
  object space 108544K, 96% used [0x00000000c0000000,0x00000000c65d52c8,0x00000000c6a00000)
 Metaspace       used 81957K, committed 83136K, reserved 1179648K
  class space    used 8540K, committed 9024K, reserved 1048576K
}
Event: 664.496 GC heap before
{Heap before GC invocations=530 (full 16):
 PSYoungGen      total 3072K, used 2656K [0x00000000eab00000, 0x00000000eaf00000, 0x0000000100000000)
  eden space 2560K, 100% used [0x00000000eab00000,0x00000000ead80000,0x00000000ead80000)
  from space 512K, 18% used [0x00000000eae80000,0x00000000eae98000,0x00000000eaf00000)
  to   space 512K, 0% used [0x00000000eae00000,0x00000000eae00000,0x00000000eae80000)
 ParOldGen       total 108544K, used 104276K [0x00000000c0000000, 0x00000000c6a00000, 0x00000000eab00000)
  object space 108544K, 96% used [0x00000000c0000000,0x00000000c65d52c8,0x00000000c6a00000)
 Metaspace       used 81963K, committed 83136K, reserved 1179648K
  class space    used 8541K, committed 9024K, reserved 1048576K
}
Event: 664.497 GC heap after
{Heap after GC invocations=530 (full 16):
 PSYoungGen      total 3072K, used 64K [0x00000000eab00000, 0x00000000eaf00000, 0x0000000100000000)
  eden space 2560K, 0% used [0x00000000eab00000,0x00000000eab00000,0x00000000ead80000)
  from space 512K, 12% used [0x00000000eae00000,0x00000000eae10000,0x00000000eae80000)
  to   space 512K, 0% used [0x00000000eae80000,0x00000000eae80000,0x00000000eaf00000)
 ParOldGen       total 108544K, used 104284K [0x00000000c0000000, 0x00000000c6a00000, 0x00000000eab00000)
  object space 108544K, 96% used [0x00000000c0000000,0x00000000c65d72c8,0x00000000c6a00000)
 Metaspace       used 81963K, committed 83136K, reserved 1179648K
  class space    used 8541K, committed 9024K, reserved 1048576K
}
Event: 666.413 GC heap before
{Heap before GC invocations=531 (full 16):
 PSYoungGen      total 3072K, used 2623K [0x00000000eab00000, 0x00000000eaf00000, 0x0000000100000000)
  eden space 2560K, 99% used [0x00000000eab00000,0x00000000ead7fff8,0x00000000ead80000)
  from space 512K, 12% used [0x00000000eae00000,0x00000000eae10000,0x00000000eae80000)
  to   space 512K, 0% used [0x00000000eae80000,0x00000000eae80000,0x00000000eaf00000)
 ParOldGen       total 108544K, used 104284K [0x00000000c0000000, 0x00000000c6a00000, 0x00000000eab00000)
  object space 108544K, 96% used [0x00000000c0000000,0x00000000c65d72c8,0x00000000c6a00000)
 Metaspace       used 81973K, committed 83136K, reserved 1179648K
  class space    used 8543K, committed 9024K, reserved 1048576K
}
Event: 666.414 GC heap after
{Heap after GC invocations=531 (full 16):
 PSYoungGen      total 3072K, used 128K [0x00000000eab00000, 0x00000000eaf00000, 0x0000000100000000)
  eden space 2560K, 0% used [0x00000000eab00000,0x00000000eab00000,0x00000000ead80000)
  from space 512K, 25% used [0x00000000eae80000,0x00000000eaea0000,0x00000000eaf00000)
  to   space 512K, 0% used [0x00000000eae00000,0x00000000eae00000,0x00000000eae80000)
 ParOldGen       total 108544K, used 104300K [0x00000000c0000000, 0x00000000c6a00000, 0x00000000eab00000)
  object space 108544K, 96% used [0x00000000c0000000,0x00000000c65db2c8,0x00000000c6a00000)
 Metaspace       used 81973K, committed 83136K, reserved 1179648K
  class space    used 8543K, committed 9024K, reserved 1048576K
}
Event: 666.495 GC heap before
{Heap before GC invocations=532 (full 16):
 PSYoungGen      total 3072K, used 2688K [0x00000000eab00000, 0x00000000eaf00000, 0x0000000100000000)
  eden space 2560K, 100% used [0x00000000eab00000,0x00000000ead80000,0x00000000ead80000)
  from space 512K, 25% used [0x00000000eae80000,0x00000000eaea0000,0x00000000eaf00000)
  to   space 512K, 0% used [0x00000000eae00000,0x00000000eae00000,0x00000000eae80000)
 ParOldGen       total 108544K, used 104300K [0x00000000c0000000, 0x00000000c6a00000, 0x00000000eab00000)
  object space 108544K, 96% used [0x00000000c0000000,0x00000000c65db2c8,0x00000000c6a00000)
 Metaspace       used 81973K, committed 83136K, reserved 1179648K
  class space    used 8543K, committed 9024K, reserved 1048576K
}
Event: 666.496 GC heap after
{Heap after GC invocations=532 (full 16):
 PSYoungGen      total 3072K, used 480K [0x00000000eab00000, 0x00000000eaf80000, 0x0000000100000000)
  eden space 2560K, 0% used [0x00000000eab00000,0x00000000eab00000,0x00000000ead80000)
  from space 512K, 93% used [0x00000000eae00000,0x00000000eae78000,0x00000000eae80000)
  to   space 1024K, 0% used [0x00000000eae80000,0x00000000eae80000,0x00000000eaf80000)
 ParOldGen       total 108544K, used 104324K [0x00000000c0000000, 0x00000000c6a00000, 0x00000000eab00000)
  object space 108544K, 96% used [0x00000000c0000000,0x00000000c65e12c8,0x00000000c6a00000)
 Metaspace       used 81973K, committed 83136K, reserved 1179648K
  class space    used 8543K, committed 9024K, reserved 1048576K
}
Event: 666.779 GC heap before
{Heap before GC invocations=533 (full 16):
 PSYoungGen      total 3072K, used 3040K [0x00000000eab00000, 0x00000000eaf80000, 0x0000000100000000)
  eden space 2560K, 100% used [0x00000000eab00000,0x00000000ead80000,0x00000000ead80000)
  from space 512K, 93% used [0x00000000eae00000,0x00000000eae78000,0x00000000eae80000)
  to   space 1024K, 0% used [0x00000000eae80000,0x00000000eae80000,0x00000000eaf80000)
 ParOldGen       total 108544K, used 104324K [0x00000000c0000000, 0x00000000c6a00000, 0x00000000eab00000)
  object space 108544K, 96% used [0x00000000c0000000,0x00000000c65e12c8,0x00000000c6a00000)
 Metaspace       used 81973K, committed 83136K, reserved 1179648K
  class space    used 8543K, committed 9024K, reserved 1048576K
}
Event: 666.781 GC heap after
{Heap after GC invocations=533 (full 16):
 PSYoungGen      total 3072K, used 480K [0x00000000eab00000, 0x00000000eaf00000, 0x0000000100000000)
  eden space 2560K, 0% used [0x00000000eab00000,0x00000000eab00000,0x00000000ead80000)
  from space 512K, 93% used [0x00000000eae80000,0x00000000eaef8000,0x00000000eaf00000)
  to   space 512K, 0% used [0x00000000eae00000,0x00000000eae00000,0x00000000eae80000)
 ParOldGen       total 108544K, used 104753K [0x00000000c0000000, 0x00000000c6a00000, 0x00000000eab00000)
  object space 108544K, 96% used [0x00000000c0000000,0x00000000c664c768,0x00000000c6a00000)
 Metaspace       used 81973K, committed 83136K, reserved 1179648K
  class space    used 8543K, committed 9024K, reserved 1048576K
}
Event: 674.905 GC heap before
{Heap before GC invocations=534 (full 16):
 PSYoungGen      total 3072K, used 3040K [0x00000000eab00000, 0x00000000eaf00000, 0x0000000100000000)
  eden space 2560K, 100% used [0x00000000eab00000,0x00000000ead80000,0x00000000ead80000)
  from space 512K, 93% used [0x00000000eae80000,0x00000000eaef8000,0x00000000eaf00000)
  to   space 512K, 0% used [0x00000000eae00000,0x00000000eae00000,0x00000000eae80000)
 ParOldGen       total 108544K, used 104753K [0x00000000c0000000, 0x00000000c6a00000, 0x00000000eab00000)
  object space 108544K, 96% used [0x00000000c0000000,0x00000000c664c768,0x00000000c6a00000)
 Metaspace       used 81973K, committed 83136K, reserved 1179648K
  class space    used 8543K, committed 9024K, reserved 1048576K
}
Event: 674.906 GC heap after
{Heap after GC invocations=534 (full 16):
 PSYoungGen      total 3072K, used 96K [0x00000000eab00000, 0x00000000eaf00000, 0x0000000100000000)
  eden space 2560K, 0% used [0x00000000eab00000,0x00000000eab00000,0x00000000ead80000)
  from space 512K, 18% used [0x00000000eae00000,0x00000000eae18000,0x00000000eae80000)
  to   space 512K, 0% used [0x00000000eae80000,0x00000000eae80000,0x00000000eaf00000)
 ParOldGen       total 108544K, used 105159K [0x00000000c0000000, 0x00000000c6a00000, 0x00000000eab00000)
  object space 108544K, 96% used [0x00000000c0000000,0x00000000c66b1c08,0x00000000c6a00000)
 Metaspace       used 81973K, committed 83136K, reserved 1179648K
  class space    used 8543K, committed 9024K, reserved 1048576K
}
Event: 674.932 GC heap before
{Heap before GC invocations=535 (full 16):
 PSYoungGen      total 3072K, used 2656K [0x00000000eab00000, 0x00000000eaf00000, 0x0000000100000000)
  eden space 2560K, 100% used [0x00000000eab00000,0x00000000ead80000,0x00000000ead80000)
  from space 512K, 18% used [0x00000000eae00000,0x00000000eae18000,0x00000000eae80000)
  to   space 512K, 0% used [0x00000000eae80000,0x00000000eae80000,0x00000000eaf00000)
 ParOldGen       total 108544K, used 105159K [0x00000000c0000000, 0x00000000c6a00000, 0x00000000eab00000)
  object space 108544K, 96% used [0x00000000c0000000,0x00000000c66b1c08,0x00000000c6a00000)
 Metaspace       used 81988K, committed 83136K, reserved 1179648K
  class space    used 8543K, committed 9024K, reserved 1048576K
}
Event: 674.934 GC heap after
{Heap after GC invocations=535 (full 16):
 PSYoungGen      total 3072K, used 512K [0x00000000eab00000, 0x00000000eaf80000, 0x0000000100000000)
  eden space 2560K, 0% used [0x00000000eab00000,0x00000000eab00000,0x00000000ead80000)
  from space 512K, 100% used [0x00000000eae80000,0x00000000eaf00000,0x00000000eaf00000)
  to   space 1024K, 0% used [0x00000000ead80000,0x00000000ead80000,0x00000000eae80000)
 ParOldGen       total 108544K, used 105255K [0x00000000c0000000, 0x00000000c6a00000, 0x00000000eab00000)
  object space 108544K, 96% used [0x00000000c0000000,0x00000000c66c9c08,0x00000000c6a00000)
 Metaspace       used 81988K, committed 83136K, reserved 1179648K
  class space    used 8543K, committed 9024K, reserved 1048576K
}
Event: 675.159 GC heap before
{Heap before GC invocations=536 (full 16):
 PSYoungGen      total 3072K, used 3072K [0x00000000eab00000, 0x00000000eaf80000, 0x0000000100000000)
  eden space 2560K, 100% used [0x00000000eab00000,0x00000000ead80000,0x00000000ead80000)
  from space 512K, 100% used [0x00000000eae80000,0x00000000eaf00000,0x00000000eaf00000)
  to   space 1024K, 0% used [0x00000000ead80000,0x00000000ead80000,0x00000000eae80000)
 ParOldGen       total 108544K, used 105255K [0x00000000c0000000, 0x00000000c6a00000, 0x00000000eab00000)
  object space 108544K, 96% used [0x00000000c0000000,0x00000000c66c9c08,0x00000000c6a00000)
 Metaspace       used 82002K, committed 83200K, reserved 1179648K
  class space    used 8543K, committed 9024K, reserved 1048576K
}
Event: 675.162 GC heap after
{Heap after GC invocations=536 (full 16):
 PSYoungGen      total 3584K, used 472K [0x00000000eab00000, 0x00000000eaf80000, 0x0000000100000000)
  eden space 2560K, 0% used [0x00000000eab00000,0x00000000eab00000,0x00000000ead80000)
  from space 1024K, 46% used [0x00000000ead80000,0x00000000eadf6160,0x00000000eae80000)
  to   space 1024K, 0% used [0x00000000eae80000,0x00000000eae80000,0x00000000eaf80000)
 ParOldGen       total 108544K, used 105788K [0x00000000c0000000, 0x00000000c6a00000, 0x00000000eab00000)
  object space 108544K, 97% used [0x00000000c0000000,0x00000000c674f0a8,0x00000000c6a00000)
 Metaspace       used 82002K, committed 83200K, reserved 1179648K
  class space    used 8543K, committed 9024K, reserved 1048576K
}
Event: 675.170 GC heap before
{Heap before GC invocations=537 (full 16):
 PSYoungGen      total 3584K, used 3032K [0x00000000eab00000, 0x00000000eaf80000, 0x0000000100000000)
  eden space 2560K, 100% used [0x00000000eab00000,0x00000000ead80000,0x00000000ead80000)
  from space 1024K, 46% used [0x00000000ead80000,0x00000000eadf6160,0x00000000eae80000)
  to   space 1024K, 0% used [0x00000000eae80000,0x00000000eae80000,0x00000000eaf80000)
 ParOldGen       total 108544K, used 105788K [0x00000000c0000000, 0x00000000c6a00000, 0x00000000eab00000)
  object space 108544K, 97% used [0x00000000c0000000,0x00000000c674f0a8,0x00000000c6a00000)
 Metaspace       used 82003K, committed 83200K, reserved 1179648K
  class space    used 8543K, committed 9024K, reserved 1048576K
}
Event: 675.172 GC heap after
{Heap after GC invocations=537 (full 16):
 PSYoungGen      total 1536K, used 1024K [0x00000000eab00000, 0x00000000eb480000, 0x0000000100000000)
  eden space 512K, 0% used [0x00000000eab00000,0x00000000eab00000,0x00000000eab80000)
  from space 1024K, 100% used [0x00000000eae80000,0x00000000eaf80000,0x00000000eaf80000)
  to   space 3072K, 0% used [0x00000000eab80000,0x00000000eab80000,0x00000000eae80000)
 ParOldGen       total 108544K, used 107649K [0x00000000c0000000, 0x00000000c6a00000, 0x00000000eab00000)
  object space 108544K, 99% used [0x00000000c0000000,0x00000000c6920688,0x00000000c6a00000)
 Metaspace       used 82003K, committed 83200K, reserved 1179648K
  class space    used 8543K, committed 9024K, reserved 1048576K
}
Event: 675.172 GC heap before
{Heap before GC invocations=538 (full 17):
 PSYoungGen      total 1536K, used 1024K [0x00000000eab00000, 0x00000000eb480000, 0x0000000100000000)
  eden space 512K, 0% used [0x00000000eab00000,0x00000000eab00000,0x00000000eab80000)
  from space 1024K, 100% used [0x00000000eae80000,0x00000000eaf80000,0x00000000eaf80000)
  to   space 3072K, 0% used [0x00000000eab80000,0x00000000eab80000,0x00000000eae80000)
 ParOldGen       total 108544K, used 107649K [0x00000000c0000000, 0x00000000c6a00000, 0x00000000eab00000)
  object space 108544K, 99% used [0x00000000c0000000,0x00000000c6920688,0x00000000c6a00000)
 Metaspace       used 82003K, committed 83200K, reserved 1179648K
  class space    used 8543K, committed 9024K, reserved 1048576K
}

